<?xml version="1.0" encoding="UTF-8"?>
<coverage generated="1496757475278" clover="3.2.0">
  <project timestamp="1496757475278" name="All files">
    <metrics statements="13" coveredstatements="13" conditionals="3" coveredconditionals="3" methods="1" coveredmethods="1" elements="17" coveredelements="17" complexity="0" loc="13" ncloc="13" packages="3" files="3" classes="3">
      <package name="actions">
        <metrics statements="8" coveredstatements="8" conditionals="0" coveredconditionals="0" methods="0" coveredmethods="0"/>
        <file name="types.js" path="/Users/benchung/foundatoin-react-starter/src/react-app/actions/types.js">
          <metrics statements="8" coveredstatements="8" conditionals="0" coveredconditionals="0" methods="0" coveredmethods="0"/>
          <line num="1" count="1" type="stmt"/>
          <line num="2" count="1" type="stmt"/>
          <line num="3" count="1" type="stmt"/>
          <line num="4" count="1" type="stmt"/>
          <line num="5" count="1" type="stmt"/>
          <line num="6" count="1" type="stmt"/>
          <line num="7" count="1" type="stmt"/>
          <line num="8" count="1" type="stmt"/>
        </file>
      </package>
      <package name="data">
        <metrics statements="2" coveredstatements="2" conditionals="0" coveredconditionals="0" methods="0" coveredmethods="0"/>
        <file name="pages.js" path="/Users/benchung/foundatoin-react-starter/src/react-app/data/pages.js">
          <metrics statements="2" coveredstatements="2" conditionals="0" coveredconditionals="0" methods="0" coveredmethods="0"/>
          <line num="2" count="1" type="stmt"/>
          <line num="8" count="1" type="stmt"/>
        </file>
      </package>
      <package name="reducers">
        <metrics statements="3" coveredstatements="3" conditionals="3" coveredconditionals="3" methods="1" coveredmethods="1"/>
        <file name="reducerNav.js" path="/Users/benchung/foundatoin-react-starter/src/react-app/reducers/reducerNav.js">
          <metrics statements="3" coveredstatements="3" conditionals="3" coveredconditionals="3" methods="1" coveredmethods="1"/>
          <line num="6" count="2" type="cond" truecount="2" falsecount="0"/>
          <line num="10" count="1" type="stmt"/>
          <line num="14" count="1" type="stmt"/>
        </file>
      </package>
    </metrics>
  </project>
</coverage>
