{"/Users/benchung/foundatoin-react-starter/src/react-app/actions/types.js": {"path":"/Users/benchung/foundatoin-react-starter/src/react-app/actions/types.js","statementMap":{"0":{"start":{"line":1,"column":27},"end":{"line":1,"column":35}},"1":{"start":{"line":2,"column":19},"end":{"line":2,"column":24}},"2":{"start":{"line":3,"column":29},"end":{"line":3,"column":44}},"3":{"start":{"line":4,"column":29},"end":{"line":4,"column":44}},"4":{"start":{"line":5,"column":28},"end":{"line":5,"column":42}},"5":{"start":{"line":6,"column":28},"end":{"line":6,"column":42}},"6":{"start":{"line":7,"column":32},"end":{"line":7,"column":50}},"7":{"start":{"line":8,"column":25},"end":{"line":8,"column":36}}},"fnMap":{},"branchMap":{},"s":{"0":1,"1":1,"2":1,"3":1,"4":1,"5":1,"6":1,"7":1},"f":{},"b":{},"_coverageSchema":"332fd63041d2c1bcb487cc26dd0d5f7d97098a6c","hash":"e04317e98f66ef6e25b6004840948a2f4aa7ee37"}
,"/Users/benchung/foundatoin-react-starter/src/react-app/data/pages.js": {"path":"/Users/benchung/foundatoin-react-starter/src/react-app/data/pages.js","statementMap":{"0":{"start":{"line":2,"column":16},"end":{"line":6,"column":1}},"1":{"start":{"line":8,"column":0},"end":{"line":8,"column":27}}},"fnMap":{},"branchMap":{},"s":{"0":1,"1":1},"f":{},"b":{},"_coverageSchema":"332fd63041d2c1bcb487cc26dd0d5f7d97098a6c","hash":"99426f9fbbf36134d259fad80b858a16e8bde5fd"}
,"/Users/benchung/foundatoin-react-starter/src/react-app/reducers/reducerNav.js": {"path":"/Users/benchung/foundatoin-react-starter/src/react-app/reducers/reducerNav.js","statementMap":{"0":{"start":{"line":6,"column":1},"end":{"line":15,"column":2}},"1":{"start":{"line":10,"column":2},"end":{"line":10,"column":24}},"2":{"start":{"line":14,"column":2},"end":{"line":14,"column":15}}},"fnMap":{"0":{"name":"reducerNav","decl":{"start":{"line":5,"column":9},"end":{"line":5,"column":19}},"loc":{"start":{"line":5,"column":51},"end":{"line":16,"column":1}},"line":5}},"branchMap":{"0":{"loc":{"start":{"line":5,"column":20},"end":{"line":5,"column":41}},"type":"default-arg","locations":[{"start":{"line":5,"column":28},"end":{"line":5,"column":41}}],"line":5},"1":{"loc":{"start":{"line":6,"column":1},"end":{"line":15,"column":2}},"type":"switch","locations":[{"start":{"line":8,"column":2},"end":{"line":10,"column":24}},{"start":{"line":12,"column":2},"end":{"line":14,"column":15}}],"line":6}},"s":{"0":2,"1":1,"2":1},"f":{"0":2},"b":{"0":[2],"1":[1,1]},"_coverageSchema":"332fd63041d2c1bcb487cc26dd0d5f7d97098a6c","hash":"c682a97c15d84568ce572ccaa59723512227b696"}
}
