TN:
SF:/Users/benchung/foundatoin-react-starter/src/react-app/actions/types.js
FNF:0
FNH:0
DA:1,1
DA:2,1
DA:3,1
DA:4,1
DA:5,1
DA:6,1
DA:7,1
DA:8,1
LF:8
LH:8
BRF:0
BRH:0
end_of_record
TN:
SF:/Users/benchung/foundatoin-react-starter/src/react-app/data/pages.js
FNF:0
FNH:0
DA:2,1
DA:8,1
LF:2
LH:2
BRF:0
BRH:0
end_of_record
TN:
SF:/Users/benchung/foundatoin-react-starter/src/react-app/reducers/reducerNav.js
FN:5,reducerNav
FNF:1
FNH:1
FNDA:2,reducerNav
DA:6,2
DA:10,1
DA:14,1
LF:3
LH:3
BRDA:5,0,0,2
BRDA:6,1,0,1
BRDA:6,1,1,1
BRF:3
BRH:3
end_of_record
